* using log directory ‘/Users/ninadhmalrinadcosta/Desktop/STAT545/STAT545_Participation/Powers.Rcheck’
* using R version 3.5.1 (2018-07-02)
* using platform: x86_64-apple-darwin15.6.0 (64-bit)
* using session charset: UTF-8
* using options ‘--no-manual --as-cran’
* checking for file ‘Powers/DESCRIPTION’ ... OK
* checking extension type ... Package
* this is package ‘Powers’ version ‘0.1.0’
* package encoding: UTF-8
* checking package namespace information ... OK
* checking package dependencies ... OK
* checking if this is a source package ... OK
* checking if there is a namespace ... OK
* checking for executable files ... OK
* checking for hidden files and directories ... OK
* checking for portable file names ... OK
* checking for sufficient/correct file permissions ... OK
* checking serialization versions ... OK
* checking whether package ‘Powers’ can be installed ... ERROR
Installation failed.
See ‘/Users/ninadhmalrinadcosta/Desktop/STAT545/STAT545_Participation/Powers.Rcheck/00install.out’ for details.
* DONE
Status: 1 ERROR
